<?xml version="1.0" encoding="UTF-8"?>
<!-- Generated by org.testng.reporters.JUnitReportReporter -->
<testsuite skipped="0" hostname="LAPTOP-DJC8OLDO" name="com.class35.Try_Catch_Finally.TestNG_Test" tests="1" failures="0" timestamp="2020-08-28T04:54:20 EEST" time="0.008" errors="0">
  <testcase name="hello" time="0.008" classname="com.class35.Try_Catch_Finally.TestNG_Test"/>
  <system-out/>
</testsuite> <!-- com.class35.Try_Catch_Finally.TestNG_Test -->
